Using pre-set license
Built from '2020.2/release' branch; Version is '2020.2.1f1 (270dd8c3da1c) revision 2559448'; Using compiler version '192528614'; Build Type 'Release'
OS: 'Windows 10  (10.0.0) 64bit' Language: 'en' Physical Memory: 16326 MB
BatchMode: 1, IsHumanControllingUs: 0, StartBugReporterOnCrash: 0, Is64bit: 1, IsPro: 0

 COMMAND LINE ARGUMENTS:
C:\Program Files\Unity\Hub\Editor\2020.2.1f1\Editor\Unity.exe
-adb2
-batchMode
-noUpm
-name
AssetImportWorker0
-projectPath
D:/github_portfolio/Coin_Collector/Lab01_Coin_Collector
-logFile
Logs/AssetImportWorker0.log
-srvPort
59671
Successfully changed project path to: D:/github_portfolio/Coin_Collector/Lab01_Coin_Collector
D:/github_portfolio/Coin_Collector/Lab01_Coin_Collector
Using Asset Import Pipeline V2.
Refreshing native plugins compatible for Editor in 29.98 ms, found 1 plugins.
Preloading 0 native plugins for Editor in 0.00 ms.
Initialize engine version: 2020.2.1f1 (270dd8c3da1c)
[Subsystems] Discovering subsystems at path C:/Program Files/Unity/Hub/Editor/2020.2.1f1/Editor/Data/Resources/UnitySubsystems
[Subsystems] Discovering subsystems at path D:/github_portfolio/Coin_Collector/Lab01_Coin_Collector/Assets
GfxDevice: creating device client; threaded=0
Direct3D:
    Version:  Direct3D 11.0 [level 11.1]
    Renderer: NVIDIA GeForce RTX 2060 SUPER (ID=0x1f06)
    Vendor:   
    VRAM:     8031 MB
    Driver:   30.0.14.7212
Initialize mono
Mono path[0] = 'C:/Program Files/Unity/Hub/Editor/2020.2.1f1/Editor/Data/Managed'
Mono path[1] = 'C:/Program Files/Unity/Hub/Editor/2020.2.1f1/Editor/Data/MonoBleedingEdge/lib/mono/unityjit'
Mono config path = 'C:/Program Files/Unity/Hub/Editor/2020.2.1f1/Editor/Data/MonoBleedingEdge/etc'
Using monoOptions --debugger-agent=transport=dt_socket,embedding=1,server=y,suspend=n,address=127.0.0.1:56240
Begin MonoManager ReloadAssembly
Registering precompiled unity dll's ...
Register platform support module: C:/Program Files/Unity/Hub/Editor/2020.2.1f1/Editor/Data/PlaybackEngines/WindowsStandaloneSupport/UnityEditor.WindowsStandalone.Extensions.dll
Registered in 0.002472 seconds.
Native extension for WindowsStandalone target not found
Refreshing native plugins compatible for Editor in 29.94 ms, found 1 plugins.
Preloading 0 native plugins for Editor in 0.00 ms.
Invoked RoslynAnalysisRunner static constructor.
RoslynAnalysisRunner will not be running.
RoslynAnalysisRunner has terminated.
Mono: successfully reloaded assembly
- Completed reload, in  1.088 seconds
Platform modules already initialized, skipping
Registering precompiled user dll's ...
Registered in 0.000956 seconds.
Begin MonoManager ReloadAssembly
Native extension for WindowsStandalone target not found
Refreshing native plugins compatible for Editor in 32.69 ms, found 1 plugins.
Preloading 0 native plugins for Editor in 0.00 ms.
Invoked RoslynAnalysisRunner static constructor.
RoslynAnalysisRunner will not be running.
RoslynAnalysisRunner has terminated.
Mono: successfully reloaded assembly
- Completed reload, in  0.840 seconds
Platform modules already initialized, skipping
========================================================================
Worker process is ready to serve import requests
Launched and connected shader compiler UnityShaderCompiler.exe after 0.03 seconds
Refreshing native plugins compatible for Editor in 0.47 ms, found 1 plugins.
Preloading 0 native plugins for Editor in 0.00 ms.
Unloading 1790 Unused Serialized files (Serialized files now loaded: 0)
System memory in use before: 84.1 MB.
System memory in use after: 84.1 MB.

Unloading 24 unused Assets to reduce memory usage. Loaded Objects now: 2231.
Total: 1.972200 ms (FindLiveObjects: 0.168600 ms CreateObjectMapping: 0.073400 ms MarkObjects: 1.637200 ms  DeleteObjects: 0.091900 ms)

========================================================================
Received Import Request.
  path: Assets/Scripts
  artifactKey: Guid(feb4434727ab40d42a192d0f94a7cffa) Importer(815301076,1909f56bfc062723c751e8b465ee728b)
Start importing Assets/Scripts using Guid(feb4434727ab40d42a192d0f94a7cffa) Importer(815301076,1909f56bfc062723c751e8b465ee728b)  -> (artifact id: 'd0fc2f7e836ecca7f4337d595585f775') in 0.003852 seconds
  Import took 0.006304 seconds .

========================================================================
Received Import Request.
  Time since last request: 0.000147 seconds.
  path: Assets/Scripts/DropSpawner.cs
  artifactKey: Guid(14278bc181d48224f941a81ca5b1c56c) Importer(815301076,1909f56bfc062723c751e8b465ee728b)
Start importing Assets/Scripts/DropSpawner.cs using Guid(14278bc181d48224f941a81ca5b1c56c) Importer(815301076,1909f56bfc062723c751e8b465ee728b)  -> (artifact id: '455a83732663f8418936284c68f76e52') in 0.234879 seconds
  Import took 0.237155 seconds .

========================================================================
Received Import Request.
  Time since last request: 0.000139 seconds.
  path: Assets/Scripts/SideToSideMovement.cs
  artifactKey: Guid(ea9ed673a99f3e349af95b136c71a564) Importer(815301076,1909f56bfc062723c751e8b465ee728b)
Start importing Assets/Scripts/SideToSideMovement.cs using Guid(ea9ed673a99f3e349af95b136c71a564) Importer(815301076,1909f56bfc062723c751e8b465ee728b)  -> (artifact id: 'bc9d3242a2e44e36b5d0994674dc2fa2') in 0.001330 seconds
  Import took 0.003575 seconds .

========================================================================
Received Import Request.
  Time since last request: 0.344302 seconds.
  path: Assets/Scripts/PlayerScore.cs
  artifactKey: Guid(e3fe10eed901bc744ad5f60bff43c38b) Importer(815301076,1909f56bfc062723c751e8b465ee728b)
Start importing Assets/Scripts/PlayerScore.cs using Guid(e3fe10eed901bc744ad5f60bff43c38b) Importer(815301076,1909f56bfc062723c751e8b465ee728b)  -> (artifact id: 'e2b9a6cad301436c388a1d2bf6ef2b9c') in 0.001502 seconds
  Import took 0.003851 seconds .

========================================================================
Received Import Request.
  Time since last request: 56.619949 seconds.
  path: Assets/Prefabs/Coin.prefab
  artifactKey: Guid(dde1c0226bc89ff458de1fed1afddf25) Importer(815301076,1909f56bfc062723c751e8b465ee728b)
Start importing Assets/Prefabs/Coin.prefab using Guid(dde1c0226bc89ff458de1fed1afddf25) Importer(815301076,1909f56bfc062723c751e8b465ee728b)  -> (artifact id: '03bbc44d777ff05302ace1c0b6efee5a') in 0.089011 seconds
  Import took 0.091829 seconds .

========================================================================
Received Import Request.
  Time since last request: 0.000250 seconds.
  path: Assets/Prefabs/Player.prefab
  artifactKey: Guid(2fc2181e5f87b284b9fa10774c472928) Importer(815301076,1909f56bfc062723c751e8b465ee728b)
Start importing Assets/Prefabs/Player.prefab using Guid(2fc2181e5f87b284b9fa10774c472928) Importer(815301076,1909f56bfc062723c751e8b465ee728b)  -> (artifact id: 'c7f45d9f2a3d58c5ad1db8f2711dc104') in 0.008252 seconds
  Import took 0.010386 seconds .

========================================================================
Received Import Request.
  Time since last request: 1.875830 seconds.
  path: Assets/Prefabs
  artifactKey: Guid(eb8bdee26374c974496208b6fd8d0f6a) Importer(815301076,1909f56bfc062723c751e8b465ee728b)
Start importing Assets/Prefabs using Guid(eb8bdee26374c974496208b6fd8d0f6a) Importer(815301076,1909f56bfc062723c751e8b465ee728b)  -> (artifact id: 'aa0186186db689417744c80851a783e5') in 0.001613 seconds
  Import took 0.004302 seconds .

========================================================================
Received Prepare
Refreshing native plugins compatible for Editor in 1.22 ms, found 1 plugins.
Preloading 0 native plugins for Editor in 0.00 ms.
Unloading 10 Unused Serialized files (Serialized files now loaded: 0)
System memory in use before: 52.1 MB.
System memory in use after: 52.1 MB.

Unloading 10 unused Assets to reduce memory usage. Loaded Objects now: 2238.
Total: 6.746100 ms (FindLiveObjects: 0.380400 ms CreateObjectMapping: 0.176400 ms MarkObjects: 5.970600 ms  DeleteObjects: 0.216000 ms)

========================================================================
Received Import Request.
  Time since last request: 301.384265 seconds.
  path: Assets/Textures/Coin.png
  artifactKey: Guid(c0b498a3b99daae44bab52562fe071e2) Importer(815301076,1909f56bfc062723c751e8b465ee728b)
Start importing Assets/Textures/Coin.png using Guid(c0b498a3b99daae44bab52562fe071e2) Importer(815301076,1909f56bfc062723c751e8b465ee728b)  -> (artifact id: '39f413174414b29cfa1ff564f127b5db') in 0.050080 seconds
  Import took 0.052777 seconds .

========================================================================
Received Import Request.
  Time since last request: 0.000230 seconds.
  path: Assets/Textures/Idle__000.png
  artifactKey: Guid(210d5ef025fae5b4c94b211f4f335cc1) Importer(815301076,1909f56bfc062723c751e8b465ee728b)
Start importing Assets/Textures/Idle__000.png using Guid(210d5ef025fae5b4c94b211f4f335cc1) Importer(815301076,1909f56bfc062723c751e8b465ee728b)  -> (artifact id: '5a10e84d7de4b4a268f35bcf963abfa3') in 0.010526 seconds
  Import took 0.012638 seconds .

AssetImportWorkerClient::OnTransportError - code=2 error=End of file
